-------------------------------------------------------------------------------
Test set: com.mycompany.project12_junit_01.CalculatorTest
-------------------------------------------------------------------------------
Tests run: 3, Failures: 1, Errors: 0, Skipped: 0, Time elapsed: 0.003 sec <<< FAILURE!
com.mycompany.project12_junit_01.CalculatorTest.testSum()  Time elapsed: 0.001 sec  <<< FAILURE!
java.lang.NullPointerException
	at com.mycompany.project12_junit_01.CalculatorTest.testSum(CalculatorTest.java:33)

